	Adding nVidia Cuda Toolkit 11.8
	Adding nVidia cuDNN 8.6 (.0.163)

CondaHTTPError: HTTP 000 CONNECTION FAILED for url <https://conda.anaconda.org/conda-forge/linux-64/current_repodata.json>
Elapsed: -

An HTTP error occurred when trying to retrieve this URL.
HTTP errors are often intermittent, and a simple retry will get you on your way.
'https://conda.anaconda.org/conda-forge/linux-64'


jax.errors.SimplifiedTraceback: For simplicity, JAX has removed its internal frames from the traceback of the following exception. Set JAX_TRACEBACK_FILTERING=off to include these.

The above exception was the direct cause of the following exception:

Traceback (most recent call last):
  File "/local/239248/main.py", line 84, in <module>
    posterior_samples_list = Metropolis_Hasting(max_samples, assumption_variance, Xu_noise, jnp.eye(2*number_u)*prior_std**2, param_iter, Xu_fixed, Xf ,Y)
  File "/local/239248/include/mcmc_posterior.py", line 59, in Metropolis_Hasting
    likelihood_upper = likelihood(Y, covariance_matrix_upper)
  File "/local/239248/include/mcmc_posterior.py", line 33, in likelihood
    return y.T@np.linalg.inv(covariance_matrix)@y
  File "/home/yanw/.conda/envs/uncert/lib/python3.9/site-packages/jax/_src/numpy/array_methods.py", line 256, in deferring_binary_op
    return binary_op(*args)
  File "/home/yanw/.conda/envs/uncert/lib/python3.9/site-packages/jax/_src/numpy/lax_numpy.py", line 3192, in matmul
    out = lax.dot_general(
TypeError: dot_general requires contracting dimensions to have the same shape, got (43,) and (63,).
--------------------------------------------------------------------------
Primary job  terminated normally, but 1 process returned
a non-zero exit code. Per user-direction, the job has been aborted.
--------------------------------------------------------------------------
--------------------------------------------------------------------------
mpirun detected that one or more processes exited with non-zero status, thus causing
the job to be terminated. The first process to do so was:

  Process name: [[42372,1],0]
  Exit code:    1
--------------------------------------------------------------------------
cp: missing destination file operand after '*.png/home/yanw/uncertain/results/figures/1007'
Try 'cp --help' for more information.
cp: missing destination file operand after '/home/yanw/uncertain'
Try 'cp --help' for more information.
