	Adding nVidia Cuda Toolkit 11.8
	Adding nVidia cuDNN 8.6 (.0.163)
Traceback (most recent call last):
  File "main.py", line 84, in <module>
    posterior_samples_list = Metropolis_Hasting(max_samples, assumption_variance, Xu_noise,
  File "/local/268646/include/mcmc_posterior.py", line 58, in Metropolis_Hasting
    likelihood_upper = likelihood(Y, covariance_matrix_upper)
  File "/local/268646/include/mcmc_posterior.py", line 32, in likelihood
    return y.T@np.linalg.inv(covariance_matrix)@y
  File "/home/yanw/.local/lib/python3.8/site-packages/jax/_src/numpy/array_methods.py", line 258, in deferring_binary_op
    return binary_op(*args)
  File "/home/yanw/.local/lib/python3.8/site-packages/jax/_src/traceback_util.py", line 166, in reraise_with_filtered_traceback
    return fun(*args, **kwargs)
  File "/home/yanw/.local/lib/python3.8/site-packages/jax/_src/pjit.py", line 250, in cache_miss
    outs, out_flat, out_tree, args_flat, jaxpr = _python_pjit_helper(
  File "/home/yanw/.local/lib/python3.8/site-packages/jax/_src/pjit.py", line 158, in _python_pjit_helper
    args_flat, _, params, in_tree, out_tree, _ = infer_params_fn(
  File "/home/yanw/.local/lib/python3.8/site-packages/jax/_src/api.py", line 306, in infer_params
    return pjit.common_infer_params(pjit_info_args, *args, **kwargs)
  File "/home/yanw/.local/lib/python3.8/site-packages/jax/_src/pjit.py", line 505, in common_infer_params
    jaxpr, consts, canonicalized_out_shardings_flat = _pjit_jaxpr(
  File "/home/yanw/.local/lib/python3.8/site-packages/jax/_src/pjit.py", line 971, in _pjit_jaxpr
    jaxpr, final_consts, out_type = _create_pjit_jaxpr(
  File "/home/yanw/.local/lib/python3.8/site-packages/jax/_src/linear_util.py", line 345, in memoized_fun
    ans = call(fun, *args)
  File "/home/yanw/.local/lib/python3.8/site-packages/jax/_src/pjit.py", line 924, in _create_pjit_jaxpr
    jaxpr, global_out_avals, consts = pe.trace_to_jaxpr_dynamic(
  File "/home/yanw/.local/lib/python3.8/site-packages/jax/_src/profiler.py", line 314, in wrapper
    return func(*args, **kwargs)
  File "/home/yanw/.local/lib/python3.8/site-packages/jax/_src/interpreters/partial_eval.py", line 2155, in trace_to_jaxpr_dynamic
    jaxpr, out_avals, consts = trace_to_subjaxpr_dynamic(
  File "/home/yanw/.local/lib/python3.8/site-packages/jax/_src/interpreters/partial_eval.py", line 2177, in trace_to_subjaxpr_dynamic
    ans = fun.call_wrapped(*in_tracers_)
  File "/home/yanw/.local/lib/python3.8/site-packages/jax/_src/linear_util.py", line 188, in call_wrapped
    ans = self.f(*args, **dict(self.params, **kwargs))
  File "/home/yanw/.local/lib/python3.8/site-packages/jax/_src/numpy/lax_numpy.py", line 3127, in matmul
    out = lax.dot_general(
  File "/home/yanw/.local/lib/python3.8/site-packages/jax/_src/lax/lax.py", line 748, in dot_general
    return dot_general_p.bind(lhs, rhs,
  File "/home/yanw/.local/lib/python3.8/site-packages/jax/_src/core.py", line 380, in bind
    return self.bind_with_trace(find_top_trace(args), args, params)
  File "/home/yanw/.local/lib/python3.8/site-packages/jax/_src/core.py", line 383, in bind_with_trace
    out = trace.process_primitive(self, map(trace.full_raise, args), params)
  File "/home/yanw/.local/lib/python3.8/site-packages/jax/_src/interpreters/partial_eval.py", line 1855, in process_primitive
    return self.default_process_primitive(primitive, tracers, params)
  File "/home/yanw/.local/lib/python3.8/site-packages/jax/_src/interpreters/partial_eval.py", line 1859, in default_process_primitive
    out_avals, effects = primitive.abstract_eval(*avals, **params)
  File "/home/yanw/.local/lib/python3.8/site-packages/jax/_src/core.py", line 416, in abstract_eval_
    return abstract_eval(*args, **kwargs), no_effects
  File "/home/yanw/.local/lib/python3.8/site-packages/jax/_src/lax/utils.py", line 63, in standard_abstract_eval
    return core.ShapedArray(shape_rule(*avals, **kwargs),
  File "/home/yanw/.local/lib/python3.8/site-packages/jax/_src/lax/lax.py", line 2500, in _dot_general_shape_rule
    raise TypeError(msg.format(lhs_contracting_shape, rhs_contracting_shape))
jax._src.traceback_util.UnfilteredStackTrace: TypeError: dot_general requires contracting dimensions to have the same shape, got (43,) and (63,).

The stack trace below excludes JAX-internal frames.
The preceding is the original exception that occurred, unmodified.

--------------------

The above exception was the direct cause of the following exception:

Traceback (most recent call last):
  File "main.py", line 84, in <module>
    posterior_samples_list = Metropolis_Hasting(max_samples, assumption_variance, Xu_noise,
  File "/local/268646/include/mcmc_posterior.py", line 58, in Metropolis_Hasting
    likelihood_upper = likelihood(Y, covariance_matrix_upper)
  File "/local/268646/include/mcmc_posterior.py", line 32, in likelihood
    return y.T@np.linalg.inv(covariance_matrix)@y
  File "/home/yanw/.local/lib/python3.8/site-packages/jax/_src/numpy/array_methods.py", line 258, in deferring_binary_op
    return binary_op(*args)
  File "/home/yanw/.local/lib/python3.8/site-packages/jax/_src/numpy/lax_numpy.py", line 3127, in matmul
    out = lax.dot_general(
TypeError: dot_general requires contracting dimensions to have the same shape, got (43,) and (63,).
--------------------------------------------------------------------------
Primary job  terminated normally, but 1 process returned
a non-zero exit code. Per user-direction, the job has been aborted.
--------------------------------------------------------------------------
--------------------------------------------------------------------------
mpirun detected that one or more processes exited with non-zero status, thus causing
the job to be terminated. The first process to do so was:

  Process name: [[49604,1],0]
  Exit code:    1
--------------------------------------------------------------------------
cp: missing destination file operand after '*.png/home/yanw/uncertain/results/figures/0216'
Try 'cp --help' for more information.
cp: missing destination file operand after '/home/yanw/uncertain'
Try 'cp --help' for more information.
